PASS: record-chain verify
PASS: sitemap up to date
PASS: active public routes check
PASS: mission-critical public journey contracts
PASS: record-chain status up to date
PASS: pipeline backlog detector
PASS: archive backlog detector
PASS: arweave wallet status up to date
PASS: public homepage status up to date
PASS: record-chain status API
PASS: public test phase disclosure
PASS: Phase 5C-HOTFIX regression tests
PASS: Builder receipt-boundary synchronization guard
PASS: Builder canonical oath readback regression tests
PASS: record type separation contract
PASS: record-chain data Arweave archive contract
PASS: pre-scale E2E automation contract
PASS: live-test phase finalizer contract
PASS: gateway v1 historical status API
PASS: index.md contains required text
PASS: agent-first-contact.md contains required text
PASS: agent-start.md contains required text
PASS: no active Gateway issue-triggered workflows
PASS: legacy gateway manifest verifies
PASS: record-chain examples JSON-valid
PASS: no broad secret material
PASS: no PEM private key material
PASS: anchor contract test
PASS: arweave archive contract test
PASS: native record-chain archive tooling
PASS: M9 native archive workflow contract
PASS: full-auto pipeline contract
PASS: arweave upload readback contract test
PASS: public wording test
PASS: public production status alignment test
PASS: oath gate contract test
PASS: builder bundle contract test
PASS: builder deep tests
PASS: mandatory authorship key contract
PASS: gateway authorship proof contract
PASS: gateway diagnostic helper contract
PASS: record-chain intake integrity regression tests
PASS: gateway security source contract
PASS: record-chain submission schema/runtime contract
FAIL: Phase 6B hotfix tests failed: Post-append verification FAILED:
  - chain-tip chain_id mismatch
Post-append verify_native_records() failed; indexes not rebuilt.



EXIT_CODE=1
